<?xml version="1.0" encoding="UTF-8"?>
<!-- Generated by org.testng.reporters.JUnitReportReporter -->
<testsuite skipped="0" hostname="DESKTOP-IU39J6M" name="apiTestPakage.T004TechFiosDelet" tests="1" failures="0" timestamp="19 Apr 2021 16:42:55 GMT" time="1.521" errors="0">
  <testcase name="deleteMethod" time="1.521" classname="apiTestPakage.T004TechFiosDelet"/>
</testsuite> <!-- apiTestPakage.T004TechFiosDelet -->
