<?xml version="1.0" encoding="UTF-8"?>
<!-- Generated by org.testng.reporters.JUnitReportReporter -->
<testsuite skipped="0" hostname="DESKTOP-IU39J6M" name="apiTestPakage.T003TechFiosGet" tests="1" failures="0" timestamp="19 Apr 2021 16:14:56 GMT" time="1.417" errors="0">
  <testcase name="postMethod" time="1.417" classname="apiTestPakage.T003TechFiosGet"/>
</testsuite> <!-- apiTestPakage.T003TechFiosGet -->
