<?xml version="1.0" encoding="UTF-8"?>
<!-- Generated by org.testng.reporters.JUnitReportReporter -->
<testsuite skipped="0" hostname="DESKTOP-IU39J6M" name="apiTestPakage.T002TechFiosPut" tests="1" failures="0" timestamp="19 Apr 2021 16:21:37 GMT" time="1.630" errors="0">
  <testcase name="postMethod" time="1.630" classname="apiTestPakage.T002TechFiosPut"/>
</testsuite> <!-- apiTestPakage.T002TechFiosPut -->
