<?xml version="1.0" encoding="UTF-8"?>
<!-- Generated by org.testng.reporters.JUnitReportReporter -->
<testsuite skipped="0" hostname="DESKTOP-IU39J6M" name="apiTestPakage.T001TechFiosGet" tests="1" failures="0" timestamp="19 Apr 2021 15:58:09 GMT" time="1.807" errors="0">
  <testcase name="getMethod" time="1.807" classname="apiTestPakage.T001TechFiosGet"/>
</testsuite> <!-- apiTestPakage.T001TechFiosGet -->
